  C:\Users\Matt\Documents\Personal\UMKC\COMP-SCI\490GP\drScience\windows\drScience\..\..\assets\audio\effects\attack.wav
  C:\Users\Matt\Documents\Personal\UMKC\COMP-SCI\490GP\drScience\windows\drScience\..\..\assets\audio\effects\attackOLD.wav
  C:\Users\Matt\Documents\Personal\UMKC\COMP-SCI\490GP\drScience\windows\drScience\..\..\assets\audio\effects\cancel.wav
  C:\Users\Matt\Documents\Personal\UMKC\COMP-SCI\490GP\drScience\windows\drScience\..\..\assets\audio\effects\cursor.wav
  C:\Users\Matt\Documents\Personal\UMKC\COMP-SCI\490GP\drScience\windows\drScience\..\..\assets\audio\effects\defendOn.wav
  C:\Users\Matt\Documents\Personal\UMKC\COMP-SCI\490GP\drScience\windows\drScience\..\..\assets\audio\effects\EnemyDeath.wav
  C:\Users\Matt\Documents\Personal\UMKC\COMP-SCI\490GP\drScience\windows\drScience\..\..\assets\audio\effects\EnemyDeathLong.wav
  C:\Users\Matt\Documents\Personal\UMKC\COMP-SCI\490GP\drScience\windows\drScience\..\..\assets\audio\effects\Health1.wav
  C:\Users\Matt\Documents\Personal\UMKC\COMP-SCI\490GP\drScience\windows\drScience\..\..\assets\audio\effects\pierce.wav
  C:\Users\Matt\Documents\Personal\UMKC\COMP-SCI\490GP\drScience\windows\drScience\..\..\assets\audio\themes\LandOfTheGhosts.wav
  C:\Users\Matt\Documents\Personal\UMKC\COMP-SCI\490GP\drScience\windows\drScience\..\..\assets\audio\themes\MonsterPlanet.wav
  C:\Users\Matt\Documents\Personal\UMKC\COMP-SCI\490GP\drScience\windows\drScience\..\..\assets\audio\themes\TypeYourText.wav
  C:\Users\Matt\Documents\Personal\UMKC\COMP-SCI\490GP\drScience\windows\drScience\..\..\assets\images\average-joeys-logo.png
  C:\Users\Matt\Documents\Personal\UMKC\COMP-SCI\490GP\drScience\windows\drScience\..\..\assets\images\battery.png
  C:\Users\Matt\Documents\Personal\UMKC\COMP-SCI\490GP\drScience\windows\drScience\..\..\assets\images\battery.psd
  C:\Users\Matt\Documents\Personal\UMKC\COMP-SCI\490GP\drScience\windows\drScience\..\..\assets\images\char.png
  C:\Users\Matt\Documents\Personal\UMKC\COMP-SCI\490GP\drScience\windows\drScience\..\..\assets\images\drScience.png
  C:\Users\Matt\Documents\Personal\UMKC\COMP-SCI\490GP\drScience\windows\drScience\..\..\assets\images\drScience.psd
  C:\Users\Matt\Documents\Personal\UMKC\COMP-SCI\490GP\drScience\windows\drScience\..\..\assets\images\drScienceTestTileset.png
  C:\Users\Matt\Documents\Personal\UMKC\COMP-SCI\490GP\drScience\windows\drScience\..\..\assets\images\dungeon6.png
  C:\Users\Matt\Documents\Personal\UMKC\COMP-SCI\490GP\drScience\windows\drScience\..\..\assets\images\enemy.png
  C:\Users\Matt\Documents\Personal\UMKC\COMP-SCI\490GP\drScience\windows\drScience\..\..\assets\images\FF7Cursor.png
  C:\Users\Matt\Documents\Personal\UMKC\COMP-SCI\490GP\drScience\windows\drScience\..\..\assets\images\gameOver.png
  C:\Users\Matt\Documents\Personal\UMKC\COMP-SCI\490GP\drScience\windows\drScience\..\..\assets\images\gameOver.psd
  C:\Users\Matt\Documents\Personal\UMKC\COMP-SCI\490GP\drScience\windows\drScience\..\..\assets\images\healthBar.png
  C:\Users\Matt\Documents\Personal\UMKC\COMP-SCI\490GP\drScience\windows\drScience\..\..\assets\images\healthBarLow.png
  C:\Users\Matt\Documents\Personal\UMKC\COMP-SCI\490GP\drScience\windows\drScience\..\..\assets\images\healthPack.psd
  C:\Users\Matt\Documents\Personal\UMKC\COMP-SCI\490GP\drScience\windows\drScience\..\..\assets\images\healthPack100.png
  C:\Users\Matt\Documents\Personal\UMKC\COMP-SCI\490GP\drScience\windows\drScience\..\..\assets\images\healthPack25.png
  C:\Users\Matt\Documents\Personal\UMKC\COMP-SCI\490GP\drScience\windows\drScience\..\..\assets\images\healthPack50.png
  C:\Users\Matt\Documents\Personal\UMKC\COMP-SCI\490GP\drScience\windows\drScience\..\..\assets\images\hit0.png
  C:\Users\Matt\Documents\Personal\UMKC\COMP-SCI\490GP\drScience\windows\drScience\..\..\assets\images\hit1.png
  C:\Users\Matt\Documents\Personal\UMKC\COMP-SCI\490GP\drScience\windows\drScience\..\..\assets\images\hit2.png
  C:\Users\Matt\Documents\Personal\UMKC\COMP-SCI\490GP\drScience\windows\drScience\..\..\assets\images\hit3.png
  C:\Users\Matt\Documents\Personal\UMKC\COMP-SCI\490GP\drScience\windows\drScience\..\..\assets\images\menuBackground.png
  C:\Users\Matt\Documents\Personal\UMKC\COMP-SCI\490GP\drScience\windows\drScience\..\..\assets\images\pinkblink.png
  C:\Users\Matt\Documents\Personal\UMKC\COMP-SCI\490GP\drScience\windows\drScience\..\..\assets\images\roboto.png
  C:\Users\Matt\Documents\Personal\UMKC\COMP-SCI\490GP\drScience\windows\drScience\..\..\assets\images\table.png
  C:\Users\Matt\Documents\Personal\UMKC\COMP-SCI\490GP\drScience\windows\drScience\..\..\assets\images\tahoma.ttf
  C:\Users\Matt\Documents\Personal\UMKC\COMP-SCI\490GP\drScience\windows\drScience\..\..\assets\images\tahomabold.ttf
  C:\Users\Matt\Documents\Personal\UMKC\COMP-SCI\490GP\drScience\windows\drScience\..\..\assets\images\youWin.png
  C:\Users\Matt\Documents\Personal\UMKC\COMP-SCI\490GP\drScience\windows\drScience\..\..\assets\images\Zombie1.png
  C:\Users\Matt\Documents\Personal\UMKC\COMP-SCI\490GP\drScience\windows\drScience\..\..\assets\images\Zombie2.png
  C:\Users\Matt\Documents\Personal\UMKC\COMP-SCI\490GP\drScience\windows\drScience\..\..\assets\images\Zombie3.png
  C:\Users\Matt\Documents\Personal\UMKC\COMP-SCI\490GP\drScience\windows\drScience\..\..\assets\levels\table.psd
  C:\Users\Matt\Documents\Personal\UMKC\COMP-SCI\490GP\drScience\windows\drScience\..\..\assets\levels\world.tmx
  46 File(s) copied
  C:\Users\Matt\Documents\Personal\UMKC\COMP-SCI\490GP\drScience\windows\drScience\..\..\assets\audio\effects\attack.wav
  C:\Users\Matt\Documents\Personal\UMKC\COMP-SCI\490GP\drScience\windows\drScience\..\..\assets\audio\effects\attackOLD.wav
  C:\Users\Matt\Documents\Personal\UMKC\COMP-SCI\490GP\drScience\windows\drScience\..\..\assets\audio\effects\cancel.wav
  C:\Users\Matt\Documents\Personal\UMKC\COMP-SCI\490GP\drScience\windows\drScience\..\..\assets\audio\effects\cursor.wav
  C:\Users\Matt\Documents\Personal\UMKC\COMP-SCI\490GP\drScience\windows\drScience\..\..\assets\audio\effects\defendOn.wav
  C:\Users\Matt\Documents\Personal\UMKC\COMP-SCI\490GP\drScience\windows\drScience\..\..\assets\audio\effects\EnemyDeath.wav
  C:\Users\Matt\Documents\Personal\UMKC\COMP-SCI\490GP\drScience\windows\drScience\..\..\assets\audio\effects\EnemyDeathLong.wav
  C:\Users\Matt\Documents\Personal\UMKC\COMP-SCI\490GP\drScience\windows\drScience\..\..\assets\audio\effects\Health1.wav
  C:\Users\Matt\Documents\Personal\UMKC\COMP-SCI\490GP\drScience\windows\drScience\..\..\assets\audio\effects\pierce.wav
  C:\Users\Matt\Documents\Personal\UMKC\COMP-SCI\490GP\drScience\windows\drScience\..\..\assets\audio\themes\LandOfTheGhosts.wav
  C:\Users\Matt\Documents\Personal\UMKC\COMP-SCI\490GP\drScience\windows\drScience\..\..\assets\audio\themes\MonsterPlanet.wav
  C:\Users\Matt\Documents\Personal\UMKC\COMP-SCI\490GP\drScience\windows\drScience\..\..\assets\audio\themes\TypeYourText.wav
  C:\Users\Matt\Documents\Personal\UMKC\COMP-SCI\490GP\drScience\windows\drScience\..\..\assets\images\average-joeys-logo.png
  C:\Users\Matt\Documents\Personal\UMKC\COMP-SCI\490GP\drScience\windows\drScience\..\..\assets\images\battery.png
  C:\Users\Matt\Documents\Personal\UMKC\COMP-SCI\490GP\drScience\windows\drScience\..\..\assets\images\battery.psd
  C:\Users\Matt\Documents\Personal\UMKC\COMP-SCI\490GP\drScience\windows\drScience\..\..\assets\images\char.png
  C:\Users\Matt\Documents\Personal\UMKC\COMP-SCI\490GP\drScience\windows\drScience\..\..\assets\images\drScience.png
  C:\Users\Matt\Documents\Personal\UMKC\COMP-SCI\490GP\drScience\windows\drScience\..\..\assets\images\drScience.psd
  C:\Users\Matt\Documents\Personal\UMKC\COMP-SCI\490GP\drScience\windows\drScience\..\..\assets\images\drScienceTestTileset.png
  C:\Users\Matt\Documents\Personal\UMKC\COMP-SCI\490GP\drScience\windows\drScience\..\..\assets\images\dungeon6.png
  C:\Users\Matt\Documents\Personal\UMKC\COMP-SCI\490GP\drScience\windows\drScience\..\..\assets\images\enemy.png
  C:\Users\Matt\Documents\Personal\UMKC\COMP-SCI\490GP\drScience\windows\drScience\..\..\assets\images\FF7Cursor.png
  C:\Users\Matt\Documents\Personal\UMKC\COMP-SCI\490GP\drScience\windows\drScience\..\..\assets\images\gameOver.png
  C:\Users\Matt\Documents\Personal\UMKC\COMP-SCI\490GP\drScience\windows\drScience\..\..\assets\images\gameOver.psd
  C:\Users\Matt\Documents\Personal\UMKC\COMP-SCI\490GP\drScience\windows\drScience\..\..\assets\images\healthBar.png
  C:\Users\Matt\Documents\Personal\UMKC\COMP-SCI\490GP\drScience\windows\drScience\..\..\assets\images\healthBarLow.png
  C:\Users\Matt\Documents\Personal\UMKC\COMP-SCI\490GP\drScience\windows\drScience\..\..\assets\images\healthPack.psd
  C:\Users\Matt\Documents\Personal\UMKC\COMP-SCI\490GP\drScience\windows\drScience\..\..\assets\images\healthPack100.png
  C:\Users\Matt\Documents\Personal\UMKC\COMP-SCI\490GP\drScience\windows\drScience\..\..\assets\images\healthPack25.png
  C:\Users\Matt\Documents\Personal\UMKC\COMP-SCI\490GP\drScience\windows\drScience\..\..\assets\images\healthPack50.png
  C:\Users\Matt\Documents\Personal\UMKC\COMP-SCI\490GP\drScience\windows\drScience\..\..\assets\images\hit0.png
  C:\Users\Matt\Documents\Personal\UMKC\COMP-SCI\490GP\drScience\windows\drScience\..\..\assets\images\hit1.png
  C:\Users\Matt\Documents\Personal\UMKC\COMP-SCI\490GP\drScience\windows\drScience\..\..\assets\images\hit2.png
  C:\Users\Matt\Documents\Personal\UMKC\COMP-SCI\490GP\drScience\windows\drScience\..\..\assets\images\hit3.png
  C:\Users\Matt\Documents\Personal\UMKC\COMP-SCI\490GP\drScience\windows\drScience\..\..\assets\images\menuBackground.png
  C:\Users\Matt\Documents\Personal\UMKC\COMP-SCI\490GP\drScience\windows\drScience\..\..\assets\images\pinkblink.png
  C:\Users\Matt\Documents\Personal\UMKC\COMP-SCI\490GP\drScience\windows\drScience\..\..\assets\images\roboto.png
  C:\Users\Matt\Documents\Personal\UMKC\COMP-SCI\490GP\drScience\windows\drScience\..\..\assets\images\table.png
  C:\Users\Matt\Documents\Personal\UMKC\COMP-SCI\490GP\drScience\windows\drScience\..\..\assets\images\tahoma.ttf
  C:\Users\Matt\Documents\Personal\UMKC\COMP-SCI\490GP\drScience\windows\drScience\..\..\assets\images\tahomabold.ttf
  C:\Users\Matt\Documents\Personal\UMKC\COMP-SCI\490GP\drScience\windows\drScience\..\..\assets\images\youWin.png
  C:\Users\Matt\Documents\Personal\UMKC\COMP-SCI\490GP\drScience\windows\drScience\..\..\assets\images\Zombie1.png
  C:\Users\Matt\Documents\Personal\UMKC\COMP-SCI\490GP\drScience\windows\drScience\..\..\assets\images\Zombie2.png
  C:\Users\Matt\Documents\Personal\UMKC\COMP-SCI\490GP\drScience\windows\drScience\..\..\assets\images\Zombie3.png
  C:\Users\Matt\Documents\Personal\UMKC\COMP-SCI\490GP\drScience\windows\drScience\..\..\assets\levels\table.psd
  C:\Users\Matt\Documents\Personal\UMKC\COMP-SCI\490GP\drScience\windows\drScience\..\..\assets\levels\world.tmx
  46 File(s) copied
Release\AnimationComponent.obj : warning LNK4042: object specified more than once; extras ignored
Release\Component.obj : warning LNK4042: object specified more than once; extras ignored
LINK : warning LNK4098: defaultlib 'LIBCMT' conflicts with use of other libs; use /NODEFAULTLIB:library
  Generating code
c:\users\matt\documents\personal\umkc\comp-sci\490gp\drscience\src\systems\battle\battleblackboard.cpp(107): warning C4715: 'BattleBlackboard::getBattleObjByID' : not all control paths return a value
c:\users\matt\documents\personal\umkc\comp-sci\490gp\drscience\src\systems\battle\battleblackboard.cpp(95): warning C4715: 'BattleBlackboard::getBattleObj' : not all control paths return a value
c:\users\matt\documents\personal\umkc\comp-sci\490gp\drscience\src\systems\battle\battlesystem.cpp(658): warning C4715: 'BattleSystem::cursorCheckValidEnemy' : not all control paths return a value
  Finished generating code
  drScience.vcxproj -> C:\Users\Matt\Documents\Personal\UMKC\COMP-SCI\490GP\drScience\windows\drScience\Release\drScience.exe
