Build started 10/7/2012 6:17:44 PM.
     1>Project "C:\Users\wkerr\Downloads\tinyxml\tinyxml_lib.vcxproj" on node 2 (build target(s)).
     1>InitializeBuildStatus:
         Creating "C:\Users\wkerr\Downloads\tinyxml\Releasetinyxml\tinyxml.unsuccessfulbuild" because "AlwaysCreate" was specified.
       ClCompile:
         c:\Program Files (x86)\Microsoft Visual Studio 10.0\VC\bin\CL.exe /c /Zi /nologo /W3 /WX- /O2 /Ob1 /Oy- /D WIN32 /D NDEBUG /D _LIB /D _VC80_UPGRADE=0x0600 /D _MBCS /GF /Gm- /EHsc /MT /GS /Gy /fp:precise /Zc:wchar_t /Zc:forScope /Fo"C:\Users\wkerr\Downloads\tinyxml\Releasetinyxml\\" /Fd"C:\Users\wkerr\Downloads\tinyxml\Releasetinyxml\vc100.pdb" /Gd /TP /analyze- /errorReport:prompt tinystr.cpp tinyxml.cpp tinyxmlerror.cpp tinyxmlparser.cpp
         tinystr.cpp
         tinyxml.cpp
         tinyxmlerror.cpp
         tinyxmlparser.cpp
         Generating Code...
       Lib:
         c:\Program Files (x86)\Microsoft Visual Studio 10.0\VC\bin\Lib.exe /OUT:"C:\Users\wkerr\Downloads\tinyxml\Releasetinyxml\tinyxml.lib" /NOLOGO C:\Users\wkerr\Downloads\tinyxml\Releasetinyxml\tinystr.obj
         C:\Users\wkerr\Downloads\tinyxml\Releasetinyxml\tinyxml.obj
         C:\Users\wkerr\Downloads\tinyxml\Releasetinyxml\tinyxmlerror.obj
         C:\Users\wkerr\Downloads\tinyxml\Releasetinyxml\tinyxmlparser.obj
         tinyxml_lib.vcxproj -> C:\Users\wkerr\Downloads\tinyxml\Releasetinyxml\tinyxml.lib
       FinalizeBuildStatus:
         Deleting file "C:\Users\wkerr\Downloads\tinyxml\Releasetinyxml\tinyxml.unsuccessfulbuild".
         Touching "C:\Users\wkerr\Downloads\tinyxml\Releasetinyxml\tinyxml.lastbuildstate".
     1>Done Building Project "C:\Users\wkerr\Downloads\tinyxml\tinyxml_lib.vcxproj" (build target(s)).

Build succeeded.

Time Elapsed 00:00:00.56
